2025-03-11 19:44:51,424 - INFO - Cookies设置成功
2025-03-11 19:44:58,401 - INFO - 签到请求发送成功
2025-03-11 19:44:58,402 - INFO - 签到成功完成
2025-03-11 19:46:28,964 - ERROR - 设置Cookies失败: 'set' object does not support item assignment
2025-03-11 19:46:28,964 - ERROR - 初始化失败
2025-03-11 19:47:09,896 - INFO - Cookies设置成功
2025-03-11 19:47:11,175 - INFO - 签到请求发送成功，响应内容: {
    "code": "-1",
    "message": "今天已经签过啦！"
}
2025-03-11 19:47:11,176 - INFO - 签到成功完成
2025-03-11 19:48:36,747 - INFO - Cookies设置成功
2025-03-11 19:48:37,715 - INFO - 签到请求发送成功，响应内容: {
    "code": "-1",
    "message": "今天已经签过啦！"
}
2025-03-11 19:48:37,715 - INFO - 签到成功完成
2025-03-11 19:49:48,997 - INFO - Cookies设置成功
2025-03-11 19:49:53,282 - INFO - 签到请求发送成功，响应内容: {
    "code": "0",
    "message": "成功签到！今日排名763，总奖励2金币！"
}
2025-03-11 19:49:53,284 - INFO - 签到成功完成
